
AMBA BFM Compiler (BETA Version 2.1.107 04Feb09) 
  Reading
   Processing ./coreahblite_usertb_ahb_master0.bfm
   Processing coreahblite_usertb_include.bfm
  Enumerating
  Assigning
  Checking
   Checking Complete
   162 Global  localconstants Defined
   92 Global  localvariables Defined
  Writing Vectors ./coreahblite_usertb_ahb_master0.vec
   Commands Generated 893
   Vectors Generated 3754
   Vector CheckSum 6e869d88

BFM Compiler Completed Okay

AMBA BFM Compiler (BETA Version 2.1.107 04Feb09) 
  Reading
   Processing ./coreahblite_usertb_ahb_master1.bfm
   Processing coreahblite_usertb_include.bfm
  Enumerating
  Assigning
  Checking
   Checking Complete
   44 Global  localconstants Defined
   92 Global  localvariables Defined
  Writing Vectors ./coreahblite_usertb_ahb_master1.vec
   Commands Generated 439
   Vectors Generated 1740
   Vector CheckSum e561b2ad

BFM Compiler Completed Okay
